<?xml version="1.0" encoding="UTF-8"?>
<!-- Generated by org.testng.reporters.JUnitXMLReporter -->
<testsuite ignored="6" hostname="LAPTOP-6GBMS8UA" failures="0" tests="3" name="sanity" time="0.059" errors="0" timestamp="2024-07-17T15:50:40 IST">
  <testcase classname="groupsExecution.Class1" name="m2" time="0.002"/>
  <testcase classname="groupsExecution.Class3" name="m2" time="0.005"/>
  <testcase classname="groupsExecution.Class2" name="m2" time="0.006"/>
  <testcase classname="groupsExecution.Class1" name="m3" time="0.0">
    <ignored/>
  </testcase> <!-- m3 -->
  <testcase classname="groupsExecution.Class2" name="m3" time="0.0">
    <ignored/>
  </testcase> <!-- m3 -->
  <testcase classname="groupsExecution.Class2" name="m1" time="0.0">
    <ignored/>
  </testcase> <!-- m1 -->
  <testcase classname="groupsExecution.Class1" name="m1" time="0.0">
    <ignored/>
  </testcase> <!-- m1 -->
  <testcase classname="groupsExecution.Class3" name="m1" time="0.0">
    <ignored/>
  </testcase> <!-- m1 -->
  <testcase classname="groupsExecution.Class3" name="m3" time="0.0">
    <ignored/>
  </testcase> <!-- m3 -->
</testsuite> <!-- sanity -->
