<?xml version="1.0" encoding="UTF-8"?>
<!-- Generated by org.testng.reporters.JUnitXMLReporter -->
<testsuite ignored="6" hostname="LAPTOP-6GBMS8UA" failures="0" tests="3" name="smoke" time="0.275" errors="0" timestamp="2024-07-17T15:50:40 IST">
  <testcase classname="groupsExecution.Class1" name="m1" time="0.03"/>
  <testcase classname="groupsExecution.Class3" name="m1" time="0.008"/>
  <testcase classname="groupsExecution.Class2" name="m1" time="0.004"/>
  <testcase classname="groupsExecution.Class2" name="m2" time="0.0">
    <ignored/>
  </testcase> <!-- m2 -->
  <testcase classname="groupsExecution.Class3" name="m3" time="0.0">
    <ignored/>
  </testcase> <!-- m3 -->
  <testcase classname="groupsExecution.Class2" name="m3" time="0.0">
    <ignored/>
  </testcase> <!-- m3 -->
  <testcase classname="groupsExecution.Class1" name="m2" time="0.0">
    <ignored/>
  </testcase> <!-- m2 -->
  <testcase classname="groupsExecution.Class1" name="m3" time="0.0">
    <ignored/>
  </testcase> <!-- m3 -->
  <testcase classname="groupsExecution.Class3" name="m2" time="0.0">
    <ignored/>
  </testcase> <!-- m2 -->
</testsuite> <!-- smoke -->
