<?xml version="1.0" encoding="UTF-8"?>
<!-- Generated by org.testng.reporters.JUnitXMLReporter -->
<testsuite ignored="0" hostname="LAPTOP-6GBMS8UA" failures="0" tests="8" name="TestOne" time="0.587" errors="0" timestamp="2024-07-16T16:38:35 IST">
  <testcase classname="testNG.BeforeAndAfterClass" name="m1" time="0.033"/>
  <testcase classname="testNG.BeforeAndAfterClass" name="m2" time="0.016"/>
  <testcase classname="testNG.BeforeAndAfterClass" name="m3" time="0.017"/>
  <testcase classname="testNG.BeforeAndAfterClass" name="m4" time="0.01"/>
  <testcase classname="testNG.BeforeAndAfterMethodConcept" name="m1" time="0.011"/>
  <testcase classname="testNG.BeforeAndAfterMethodConcept" name="m2" time="0.018"/>
  <testcase classname="testNG.BeforeAndAfterMethodConcept" name="m3" time="0.03"/>
  <testcase classname="testNG.BeforeAndAfterMethodConcept" name="m4" time="0.007"/>
</testsuite> <!-- TestOne -->
