<?xml version="1.0" encoding="UTF-8"?>
<!-- Generated by org.testng.reporters.JUnitXMLReporter -->
<testsuite ignored="0" hostname="LAPTOP-6GBMS8UA" failures="0" tests="12" name="Test" time="84.168" errors="0" timestamp="2024-07-23T16:25:51 IST">
  <testcase classname="dataProviderConcept.ParallelExecution" name="demo" time="21.998"/>
  <testcase classname="dataProviderConcept.ParallelExecution" name="demo" time="25.291"/>
  <testcase classname="dataProviderConcept.ParallelExecution" name="demo" time="25.635"/>
  <testcase classname="dataProviderConcept.ParallelExecution" name="demo" time="29.753"/>
  <testcase classname="dataProviderConcept.ParallelExecution" name="demo" time="24.751"/>
  <testcase classname="dataProviderConcept.ParallelExecution" name="demo" time="25.165"/>
  <testcase classname="dataProviderConcept.ParallelExecution" name="demo" time="29.18"/>
  <testcase classname="dataProviderConcept.ParallelExecution" name="demo" time="30.847"/>
  <testcase classname="dataProviderConcept.ParallelExecution" name="demo" time="27.21"/>
  <testcase classname="dataProviderConcept.ParallelExecution" name="demo" time="28.351"/>
  <testcase classname="dataProviderConcept.ParallelExecution" name="demo" time="27.854"/>
  <testcase classname="dataProviderConcept.ParallelExecution" name="demo" time="21.822"/>
</testsuite> <!-- Test -->
