<?xml version="1.0" encoding="UTF-8"?>
<!-- Generated by org.testng.reporters.JUnitXMLReporter -->
<testsuite ignored="0" hostname="LAPTOP-6GBMS8UA" failures="0" tests="8" name="TestTwo" time="0.386" errors="0" timestamp="2024-07-16T16:38:35 IST">
  <testcase classname="testNG.BeforeAndAfterClass" name="m1" time="0.008"/>
  <testcase classname="testNG.BeforeAndAfterClass" name="m2" time="0.006"/>
  <testcase classname="testNG.BeforeAndAfterClass" name="m3" time="0.008"/>
  <testcase classname="testNG.BeforeAndAfterClass" name="m4" time="0.01"/>
  <testcase classname="testNG.BeforeAndAfterMethodConcept" name="m1" time="0.022"/>
  <testcase classname="testNG.BeforeAndAfterMethodConcept" name="m2" time="0.014"/>
  <testcase classname="testNG.BeforeAndAfterMethodConcept" name="m3" time="0.019"/>
  <testcase classname="testNG.BeforeAndAfterMethodConcept" name="m4" time="0.005"/>
</testsuite> <!-- TestTwo -->
