<?xml version="1.0" encoding="UTF-8"?>
<!-- Generated by org.testng.reporters.JUnitXMLReporter -->
<testsuite ignored="1" hostname="LAPTOP-6GBMS8UA" failures="1" tests="1" name="Default test(failed)" time="3.166" errors="0" timestamp="2024-07-17T16:21:05 IST">
  <testcase classname="otherConcept.TimeOutConcept" name="m1" time="3.048">
    <failure type="org.testng.internal.thread.ThreadTimeoutException" message="Method otherConcept.TimeOutConcept.m1() didn&amp;apos;t finish within the time-out 3000">
      <![CDATA[org.testng.internal.thread.ThreadTimeoutException: Method otherConcept.TimeOutConcept.m1() didn't finish within the time-out 3000
at java.base/java.lang.Thread.sleep0(Native Method)
at java.base/java.lang.Thread.sleep(Thread.java:509)
at otherConcept.TimeOutConcept.m1(TimeOutConcept.java:20)
at java.base/java.util.concurrent.FutureTask.run(FutureTask.java:317)
at java.base/java.util.concurrent.ThreadPoolExecutor.runWorker(ThreadPoolExecutor.java:1144)
at java.base/java.util.concurrent.ThreadPoolExecutor$Worker.run(ThreadPoolExecutor.java:642)
at java.base/java.lang.Thread.run(Thread.java:1583)
... Removed 6 stack frames]]>
    </failure>
  </testcase> <!-- m1 -->
  <testcase classname="otherConcept.TimeOutConcept" name="m" time="0.0">
    <ignored/>
  </testcase> <!-- m -->
</testsuite> <!-- Default test(failed) -->
